# JRE version: Java(TM) SE Runtime Environment (8.0_65-b17) (build 1.8.0_65-b17)
# Java VM: Java HotSpot(TM) 64-Bit Server VM (25.65-b01 mixed mode bsd-amd64 compressed oops)
Heap:
 PSYoungGen      total 457728K, used 328258K [0x00000007a0000000, 0x00000007c0000000, 0x00000007c0000000)
  eden space 397312K, 77% used [0x00000007a0000000,0x00000007b2d3d260,0x00000007b8400000)
  from space 60416K, 32% used [0x00000007bbd80000,0x00000007bd0d3868,0x00000007bf880000)
  to   space 58880K, 0% used [0x00000007b8400000,0x00000007b8400000,0x00000007bbd80000)
 ParOldGen       total 146944K, used 113365K [0x0000000760000000, 0x0000000768f80000, 0x00000007a0000000)
  object space 146944K, 77% used [0x0000000760000000,0x0000000766eb57c0,0x0000000768f80000)
 Metaspace       used 122617K, capacity 130088K, committed 130432K, reserved 1161216K
  class space    used 16481K, capacity 17702K, committed 17792K, reserved 1048576K
GC Heap History (10 events):
Event: 287.316 GC heap before
{Heap before GC invocations=21 (full 4):
 PSYoungGen      total 435712K, used 434804K [0x00000007a0000000, 0x00000007c0000000, 0x00000007c0000000)
  eden space 386048K, 99% used [0x00000007a0000000,0x00000007b781ed78,0x00000007b7900000)
  from space 49664K, 99% used [0x00000007bcf80000,0x00000007bfffe2a8,0x00000007c0000000)
  to   space 69120K, 0% used [0x00000007b7900000,0x00000007b7900000,0x00000007bbc80000)
 ParOldGen       total 146944K, used 90412K [0x0000000760000000, 0x0000000768f80000, 0x00000007a0000000)
  object space 146944K, 61% used [0x0000000760000000,0x000000076584b2c8,0x0000000768f80000)
 Metaspace       used 108210K, capacity 114312K, committed 114432K, reserved 1148928K
  class space    used 14533K, capacity 15579K, committed 15616K, reserved 1048576K
Event: 287.380 GC heap after
Heap after GC invocations=21 (full 4):
 PSYoungGen      total 455168K, used 28295K [0x00000007a0000000, 0x00000007c0000000, 0x00000007c0000000)
  eden space 386048K, 0% used [0x00000007a0000000,0x00000007a0000000,0x00000007b7900000)
  from space 69120K, 40% used [0x00000007b7900000,0x00000007b94a1de0,0x00000007bbc80000)
  to   space 65536K, 0% used [0x00000007bc000000,0x00000007bc000000,0x00000007c0000000)
 ParOldGen       total 146944K, used 112414K [0x0000000760000000, 0x0000000768f80000, 0x00000007a0000000)
  object space 146944K, 76% used [0x0000000760000000,0x0000000766dc7b08,0x0000000768f80000)
 Metaspace       used 108210K, capacity 114312K, committed 114432K, reserved 1148928K
  class space    used 14533K, capacity 15579K, committed 15616K, reserved 1048576K
}
Event: 342.931 GC heap before
{Heap before GC invocations=22 (full 4):
 PSYoungGen      total 455168K, used 215040K [0x00000007a0000000, 0x00000007c0000000, 0x00000007c0000000)
  eden space 386048K, 48% used [0x00000007a0000000,0x00000007ab65e570,0x00000007b7900000)
  from space 69120K, 40% used [0x00000007b7900000,0x00000007b94a1de0,0x00000007bbc80000)
  to   space 65536K, 0% used [0x00000007bc000000,0x00000007bc000000,0x00000007c0000000)
 ParOldGen       total 146944K, used 112414K [0x0000000760000000, 0x0000000768f80000, 0x00000007a0000000)
  object space 146944K, 76% used [0x0000000760000000,0x0000000766dc7b08,0x0000000768f80000)
 Metaspace       used 108755K, capacity 115060K, committed 115328K, reserved 1148928K
  class space    used 14595K, capacity 15673K, committed 15744K, reserved 1048576K
Event: 342.958 GC heap after
Heap after GC invocations=22 (full 4):
 PSYoungGen      total 461312K, used 24888K [0x00000007a0000000, 0x00000007c0000000, 0x00000007c0000000)
  eden space 395776K, 0% used [0x00000007a0000000,0x00000007a0000000,0x00000007b8280000)
  from space 65536K, 37% used [0x00000007bc000000,0x00000007bd84e198,0x00000007c0000000)
  to   space 62976K, 0% used [0x00000007b8280000,0x00000007b8280000,0x00000007bc000000)
 ParOldGen       total 146944K, used 112422K [0x0000000760000000, 0x0000000768f80000, 0x00000007a0000000)
  object space 146944K, 76% used [0x0000000760000000,0x0000000766dc9b08,0x0000000768f80000)
 Metaspace       used 108755K, capacity 115060K, committed 115328K, reserved 1148928K
  class space    used 14595K, capacity 15673K, committed 15744K, reserved 1048576K
}
Event: 342.958 GC heap before
{Heap before GC invocations=23 (full 5):
 PSYoungGen      total 461312K, used 24888K [0x00000007a0000000, 0x00000007c0000000, 0x00000007c0000000)
  eden space 395776K, 0% used [0x00000007a0000000,0x00000007a0000000,0x00000007b8280000)
  from space 65536K, 37% used [0x00000007bc000000,0x00000007bd84e198,0x00000007c0000000)
  to   space 62976K, 0% used [0x00000007b8280000,0x00000007b8280000,0x00000007bc000000)
 ParOldGen       total 146944K, used 112422K [0x0000000760000000, 0x0000000768f80000, 0x00000007a0000000)
  object space 146944K, 76% used [0x0000000760000000,0x0000000766dc9b08,0x0000000768f80000)
 Metaspace       used 108755K, capacity 115060K, committed 115328K, reserved 1148928K
  class space    used 14595K, capacity 15673K, committed 15744K, reserved 1048576K
Event: 343.625 GC heap after
Heap after GC invocations=23 (full 5):
 PSYoungGen      total 461312K, used 0K [0x00000007a0000000, 0x00000007c0000000, 0x00000007c0000000)
  eden space 395776K, 0% used [0x00000007a0000000,0x00000007a0000000,0x00000007b8280000)
  from space 65536K, 0% used [0x00000007bc000000,0x00000007bc000000,0x00000007c0000000)
  to   space 62976K, 0% used [0x00000007b8280000,0x00000007b8280000,0x00000007bc000000)
 ParOldGen       total 146944K, used 113349K [0x0000000760000000, 0x0000000768f80000, 0x00000007a0000000)
  object space 146944K, 77% used [0x0000000760000000,0x0000000766eb17c0,0x0000000768f80000)
 Metaspace       used 108643K, capacity 114804K, committed 115328K, reserved 1148928K
  class space    used 14560K, capacity 15635K, committed 15744K, reserved 1048576K
}
Event: 354.105 GC heap before
{Heap before GC invocations=24 (full 5):
 PSYoungGen      total 461312K, used 395776K [0x00000007a0000000, 0x00000007c0000000, 0x00000007c0000000)
  eden space 395776K, 100% used [0x00000007a0000000,0x00000007b8280000,0x00000007b8280000)
  from space 65536K, 0% used [0x00000007bc000000,0x00000007bc000000,0x00000007c0000000)
  to   space 62976K, 0% used [0x00000007b8280000,0x00000007b8280000,0x00000007bc000000)
 ParOldGen       total 146944K, used 113349K [0x0000000760000000, 0x0000000768f80000, 0x00000007a0000000)
  object space 146944K, 77% used [0x0000000760000000,0x0000000766eb17c0,0x0000000768f80000)
 Metaspace       used 117432K, capacity 124330K, committed 124544K, reserved 1157120K
  class space    used 15823K, capacity 16996K, committed 17024K, reserved 1048576K
Event: 354.163 GC heap after
Heap after GC invocations=24 (full 5):
 PSYoungGen      total 422912K, used 26886K [0x00000007a0000000, 0x00000007bf880000, 0x00000007c0000000)
  eden space 395776K, 0% used [0x00000007a0000000,0x00000007a0000000,0x00000007b8280000)
  from space 27136K, 99% used [0x00000007b8280000,0x00000007b9cc1ad0,0x00000007b9d00000)
  to   space 60416K, 0% used [0x00000007bbd80000,0x00000007bbd80000,0x00000007bf880000)
 ParOldGen       total 146944K, used 113357K [0x0000000760000000, 0x0000000768f80000, 0x00000007a0000000)
  object space 146944K, 77% used [0x0000000760000000,0x0000000766eb37c0,0x0000000768f80000)
 Metaspace       used 117432K, capacity 124330K, committed 124544K, reserved 1157120K
  class space    used 15823K, capacity 16996K, committed 17024K, reserved 1048576K
}
Event: 357.099 GC heap before
{Heap before GC invocations=25 (full 5):
 PSYoungGen      total 422912K, used 422662K [0x00000007a0000000, 0x00000007bf880000, 0x00000007c0000000)
  eden space 395776K, 100% used [0x00000007a0000000,0x00000007b8280000,0x00000007b8280000)
  from space 27136K, 99% used [0x00000007b8280000,0x00000007b9cc1ad0,0x00000007b9d00000)
  to   space 60416K, 0% used [0x00000007bbd80000,0x00000007bbd80000,0x00000007bf880000)
 ParOldGen       total 146944K, used 113357K [0x0000000760000000, 0x0000000768f80000, 0x00000007a0000000)
  object space 146944K, 77% used [0x0000000760000000,0x0000000766eb37c0,0x0000000768f80000)
 Metaspace       used 120193K, capacity 127364K, committed 127488K, reserved 1159168K
  class space    used 16197K, capacity 17405K, committed 17408K, reserved 1048576K
Event: 357.135 GC heap after
Heap after GC invocations=25 (full 5):
 PSYoungGen      total 457728K, used 19790K [0x00000007a0000000, 0x00000007c0000000, 0x00000007c0000000)
  eden space 397312K, 0% used [0x00000007a0000000,0x00000007a0000000,0x00000007b8400000)
  from space 60416K, 32% used [0x00000007bbd80000,0x00000007bd0d3868,0x00000007bf880000)
  to   space 58880K, 0% used [0x00000007b8400000,0x00000007b8400000,0x00000007bbd80000)
 ParOldGen       total 146944K, used 113365K [0x0000000760000000, 0x0000000768f80000, 0x00000007a0000000)
  object space 146944K, 77% used [0x0000000760000000,0x0000000766eb57c0,0x0000000768f80000)
 Metaspace       used 120193K, capacity 127364K, committed 127488K, reserved 1159168K
  class space    used 16197K, capacity 17405K, committed 17408K, reserved 1048576K
}

